<?xml version="1.0" encoding="UTF-8"?>
<!-- Generated by org.testng.reporters.JUnitXMLReporter -->
<testsuite hostname="Gajanan-PC" name="Default test" tests="8" failures="0" timestamp="20 Jul 2018 06:34:42 GMT" time="0.953" errors="0">
  <testcase name="getData" time="0.015" classname="com.scp.CrudOperationUsingHibernate.PerformAuthantiCation"/>
  <testcase name="getData" time="0.016" classname="com.scp.CrudOperationUsingHibernate.PerformAuthantiCation"/>
  <testcase name="getData" time="0.0" classname="com.scp.CrudOperationUsingHibernate.PerformAuthantiCation"/>
  <testcase name="getData" time="0.0" classname="com.scp.CrudOperationUsingHibernate.PerformAuthantiCation"/>
  <testcase name="getData" time="0.0" classname="com.scp.CrudOperationUsingHibernate.PerformAuthantiCation"/>
  <testcase name="getData" time="0.0" classname="com.scp.CrudOperationUsingHibernate.PerformAuthantiCation"/>
  <testcase name="getData" time="0.0" classname="com.scp.CrudOperationUsingHibernate.PerformAuthantiCation"/>
  <testcase name="getData" time="0.0" classname="com.scp.CrudOperationUsingHibernate.PerformAuthantiCation"/>
</testsuite> <!-- Default test -->
