<?xml version="1.0" encoding="UTF-8"?>
<testng-results skipped="0" failed="0" total="8" passed="8">
  <reporter-output>
  </reporter-output>
  <suite name="Default suite" duration-ms="953" started-at="2018-07-20T06:34:41Z" finished-at="2018-07-20T06:34:42Z">
    <groups>
    </groups>
    <test name="Default test" duration-ms="953" started-at="2018-07-20T06:34:41Z" finished-at="2018-07-20T06:34:42Z">
      <class name="com.scp.CrudOperationUsingHibernate.PerformAuthantiCation">
        <test-method status="PASS" signature="getData(java.lang.String, java.lang.String, java.lang.String)[pri:0, instance:com.scp.CrudOperationUsingHibernate.PerformAuthantiCation@651fd0]" name="getData" duration-ms="15" started-at="2018-07-20T12:04:42Z" data-provider="getTestData" finished-at="2018-07-20T12:04:42Z">
          <params>
            <param index="0">
              <value>
                <![CDATA[admin]]>
              </value>
            </param>
            <param index="1">
              <value>
                <![CDATA[admin123]]>
              </value>
            </param>
            <param index="2">
              <value>
                <![CDATA[USERNAME_PASSWORD_INVALID]]>
              </value>
            </param>
          </params>
          <reporter-output>
          </reporter-output>
        </test-method> <!-- getData -->
        <test-method status="PASS" signature="getData(java.lang.String, java.lang.String, java.lang.String)[pri:0, instance:com.scp.CrudOperationUsingHibernate.PerformAuthantiCation@651fd0]" name="getData" duration-ms="16" started-at="2018-07-20T12:04:42Z" data-provider="getTestData" finished-at="2018-07-20T12:04:42Z">
          <params>
            <param index="0">
              <value is-null="true"/>
            </param>
            <param index="1">
              <value>
                <![CDATA[admin123]]>
              </value>
            </param>
            <param index="2">
              <value>
                <![CDATA[USERNAME_CANT_BE_EMPTY]]>
              </value>
            </param>
          </params>
          <reporter-output>
          </reporter-output>
        </test-method> <!-- getData -->
        <test-method status="PASS" signature="getData(java.lang.String, java.lang.String, java.lang.String)[pri:0, instance:com.scp.CrudOperationUsingHibernate.PerformAuthantiCation@651fd0]" name="getData" duration-ms="0" started-at="2018-07-20T12:04:42Z" data-provider="getTestData" finished-at="2018-07-20T12:04:42Z">
          <params>
            <param index="0">
              <value>
                <![CDATA[admin]]>
              </value>
            </param>
            <param index="1">
              <value>
                <![CDATA[Admin123]]>
              </value>
            </param>
            <param index="2">
              <value>
                <![CDATA[USERNAME_PASSWORD_INVALID]]>
              </value>
            </param>
          </params>
          <reporter-output>
          </reporter-output>
        </test-method> <!-- getData -->
        <test-method status="PASS" signature="getData(java.lang.String, java.lang.String, java.lang.String)[pri:0, instance:com.scp.CrudOperationUsingHibernate.PerformAuthantiCation@651fd0]" name="getData" duration-ms="0" started-at="2018-07-20T12:04:42Z" data-provider="getTestData" finished-at="2018-07-20T12:04:42Z">
          <params>
            <param index="0">
              <value>
                <![CDATA[Admin]]>
              </value>
            </param>
            <param index="1">
              <value>
                <![CDATA[Admin123]]>
              </value>
            </param>
            <param index="2">
              <value>
                <![CDATA[USERNAME_PASSWORD_INVALID]]>
              </value>
            </param>
          </params>
          <reporter-output>
          </reporter-output>
        </test-method> <!-- getData -->
        <test-method status="PASS" signature="getData(java.lang.String, java.lang.String, java.lang.String)[pri:0, instance:com.scp.CrudOperationUsingHibernate.PerformAuthantiCation@651fd0]" name="getData" duration-ms="0" started-at="2018-07-20T12:04:42Z" data-provider="getTestData" finished-at="2018-07-20T12:04:42Z">
          <params>
            <param index="0">
              <value>
                <![CDATA[admin123]]>
              </value>
            </param>
            <param index="1">
              <value is-null="true"/>
            </param>
            <param index="2">
              <value>
                <![CDATA[PASSWORD_CANT_BE_EMPTY]]>
              </value>
            </param>
          </params>
          <reporter-output>
          </reporter-output>
        </test-method> <!-- getData -->
        <test-method status="PASS" signature="getData(java.lang.String, java.lang.String, java.lang.String)[pri:0, instance:com.scp.CrudOperationUsingHibernate.PerformAuthantiCation@651fd0]" name="getData" duration-ms="0" started-at="2018-07-20T12:04:42Z" data-provider="getTestData" finished-at="2018-07-20T12:04:42Z">
          <params>
            <param index="0">
              <value>
                <![CDATA[sdfs2]]>
              </value>
            </param>
            <param index="1">
              <value>
                <![CDATA[admin123]]>
              </value>
            </param>
            <param index="2">
              <value>
                <![CDATA[USERNAME_PASSWORD_INVALID]]>
              </value>
            </param>
          </params>
          <reporter-output>
          </reporter-output>
        </test-method> <!-- getData -->
        <test-method status="PASS" signature="getData(java.lang.String, java.lang.String, java.lang.String)[pri:0, instance:com.scp.CrudOperationUsingHibernate.PerformAuthantiCation@651fd0]" name="getData" duration-ms="0" started-at="2018-07-20T12:04:42Z" data-provider="getTestData" finished-at="2018-07-20T12:04:42Z">
          <params>
            <param index="0">
              <value>
                <![CDATA[ss]]>
              </value>
            </param>
            <param index="1">
              <value>
                <![CDATA[1111fs]]>
              </value>
            </param>
            <param index="2">
              <value>
                <![CDATA[USERNAME_PASSWORD_INVALID]]>
              </value>
            </param>
          </params>
          <reporter-output>
          </reporter-output>
        </test-method> <!-- getData -->
        <test-method status="PASS" signature="getData(java.lang.String, java.lang.String, java.lang.String)[pri:0, instance:com.scp.CrudOperationUsingHibernate.PerformAuthantiCation@651fd0]" name="getData" duration-ms="0" started-at="2018-07-20T12:04:42Z" data-provider="getTestData" finished-at="2018-07-20T12:04:42Z">
          <params>
            <param index="0">
              <value>
                <![CDATA[admin123]]>
              </value>
            </param>
            <param index="1">
              <value>
                <![CDATA[admin123]]>
              </value>
            </param>
            <param index="2">
              <value>
                <![CDATA[USERNAME_PASSWORD_INVALID]]>
              </value>
            </param>
          </params>
          <reporter-output>
          </reporter-output>
        </test-method> <!-- getData -->
      </class> <!-- com.scp.CrudOperationUsingHibernate.PerformAuthantiCation -->
    </test> <!-- Default test -->
  </suite> <!-- Default suite -->
</testng-results>
